0.574562 i 3 C GET p _o551:0 s 1 z 43 
0.610565 i 1 E MISS p _o551:0 c 3 s 2 z 43 
0.671504 i 4 C GET p _o551:0 s 1 z 43 
0.763934 i 10 C GET p _o551:0 s 1 z 43 
0.802534 i 7 C GET p _o551:0 s 1 z 43 
0.910565 i 2 S MOD p _o551:0 m 0.91056485119999997 n 1.8850977689251187 
1.740082 i 8 C GET p _o551:0 s 1 z 43 
1.810569 i 1 E ENT p _o551:0 m 0.91056485119999997 z 10240 s 2 
1.810569 i 1 E SND c 3 p _o551:0 z 10240 
1.810569 i 1 E SND c 4 p _o551:0 z 10240 
1.810569 i 1 E SND c 10 p _o551:0 z 10240 
1.810569 i 1 E SND c 7 p _o551:0 z 10240 
1.810569 i 1 E SND c 8 p _o551:0 z 10240 
1.885098 i 2 S MOD p _o551:0 m 1.8850977689251187 n 6.2929963800193764 
1.918613 i 3 C RCV p _o551:0 s 1 l 1.3440515304000011 z 10240 
1.918615 i 4 C RCV p _o551:0 s 1 l 1.2471104736000012 z 10240 
1.918617 i 10 C RCV p _o551:0 s 1 l 1.1546830168000013 z 10240 
1.918625 i 7 C RCV p _o551:0 s 1 l 1.1160914112000022 z 10240 
1.918631 i 8 C RCV p _o551:0 s 1 l 0.17854854080000271 z 10240 
1.998603 i 3 C GET p _o551:0 s 1 z 43 
2.010605 i 1 E HIT p _o551:0 c 3 s 2 
2.010605 i 1 E SND c 3 p _o551:0 z 10240 
2.046695 i 3 C STA p _o551:0 s 2 l 0.16159709107487785 
2.046695 i 3 C RCV p _o551:0 s 1 l 0.04809155999999648 z 10240 
2.074695 i 5 C GET p _o551:0 s 1 z 43 
2.080857 i 9 C GET p _o551:0 s 1 z 43 
2.106221 i 4 C GET p _o551:0 s 1 z 43 
2.110698 i 1 E HIT p _o551:0 c 5 s 2 
2.110698 i 1 E SND c 5 p _o551:0 z 10240 
2.11686 i 1 E HIT p _o551:0 c 9 s 2 
2.11686 i 1 E SND c 9 p _o551:0 z 10240 
2.118222 i 1 E HIT p _o551:0 c 4 s 2 
2.118222 i 1 E SND c 4 p _o551:0 z 10240 
2.218742 i 5 C STA p _o551:0 s 2 l 0.33364470787488187 
2.218742 i 5 C RCV p _o551:0 s 1 l 0.14404747680000041 z 10240 
2.224904 i 9 C STA p _o551:0 s 2 l 0.33980670787488165 
2.224904 i 9 C RCV p _o551:0 s 1 l 0.14404747680000041 z 10240 
2.226266 i 4 C STA p _o551:0 s 2 l 0.34116867987488142 
2.226266 i 4 C RCV p _o551:0 s 1 l 0.12004574879999996 z 10240 
2.361455 i 3 C GET p _o551:0 s 1 z 43 
2.373456 i 1 E HIT p _o551:0 c 3 s 2 
2.373456 i 1 E SND c 3 p _o551:0 z 10240 
2.4815 i 3 C STA p _o551:0 s 2 l 0.59640267987488116 
2.4815 i 3 C RCV p _o551:0 s 1 l 0.12004574879999996 z 10240 
2.828147 i 12 C GET p _o551:0 s 1 z 43 
2.86415 i 1 E HIT p _o551:0 c 12 s 2 
2.86415 i 1 E SND c 12 p _o551:0 z 10240 
2.903584 i 7 C GET p _o551:0 s 1 z 43 
2.915585 i 1 E HIT p _o551:0 c 7 s 2 
2.915585 i 1 E SND c 7 p _o551:0 z 10240 
2.972194 i 12 C STA p _o551:0 s 2 l 1.0870967078748817 
2.972194 i 12 C RCV p _o551:0 s 1 l 0.14404747680000041 z 10240 
3.023629 i 7 C STA p _o551:0 s 2 l 1.1385314798748811 
3.023629 i 7 C RCV p _o551:0 s 1 l 0.12004574879999996 z 10240 
3.119464 i 7 C GET p _o551:0 s 1 z 43 
3.131465 i 1 E HIT p _o551:0 c 7 s 2 
3.131465 i 1 E SND c 7 p _o551:0 z 10240 
3.167555 i 7 C STA p _o551:0 s 2 l 1.2824574910748776 
3.167555 i 7 C RCV p _o551:0 s 1 l 0.04809155999999648 z 10240 
3.240394 i 6 C GET p _o551:0 s 1 z 43 
3.268337 i 9 C GET p _o551:0 s 1 z 43 
3.276397 i 1 E HIT p _o551:0 c 6 s 2 
3.276397 i 1 E SND c 6 p _o551:0 z 10240 
3.280338 i 1 E HIT p _o551:0 c 9 s 2 
3.280338 i 1 E SND c 9 p _o551:0 z 10240 
3.384441 i 6 C STA p _o551:0 s 2 l 1.4993437078748815 
3.384441 i 6 C RCV p _o551:0 s 1 l 0.14404747680000041 z 10240 
3.388383 i 9 C STA p _o551:0 s 2 l 1.5032849798748811 
3.388383 i 9 C RCV p _o551:0 s 1 l 0.12004574879999996 z 10240 
3.393068 i 11 C GET p _o551:0 s 1 z 43 
3.429071 i 1 E HIT p _o551:0 c 11 s 2 
3.429071 i 1 E SND c 11 p _o551:0 z 10240 
3.495483 i 3 C GET p _o551:0 s 1 z 43 
3.50453 i 9 C GET p _o551:0 s 1 z 43 
3.507484 i 1 E HIT p _o551:0 c 3 s 2 
3.507484 i 1 E SND c 3 p _o551:0 z 10240 
3.516531 i 1 E HIT p _o551:0 c 9 s 2 
3.516531 i 1 E SND c 9 p _o551:0 z 10240 
3.537115 i 11 C STA p _o551:0 s 2 l 1.6520177078748817 
3.537115 i 11 C RCV p _o551:0 s 1 l 0.14404747680000041 z 10240 
3.615528 i 3 C STA p _o551:0 s 2 l 1.7304306798748814 
3.615528 i 3 C RCV p _o551:0 s 1 l 0.12004574879999996 z 10240 
3.624576 i 9 C STA p _o551:0 s 2 l 1.7394778798748809 
3.624576 i 9 C RCV p _o551:0 s 1 l 0.12004574879999996 z 10240 
3.725947 i 6 C GET p _o551:0 s 1 z 43 
3.737949 i 1 E HIT p _o551:0 c 6 s 2 
3.737949 i 1 E SND c 6 p _o551:0 z 10240 
3.845993 i 6 C STA p _o551:0 s 2 l 1.9608952798748809 
3.845993 i 6 C RCV p _o551:0 s 1 l 0.12004574879999996 z 10240 
4.188776 i 11 C GET p _o551:0 s 1 z 43 
4.200778 i 1 E HIT p _o551:0 c 11 s 2 
4.200778 i 1 E SND c 11 p _o551:0 z 10240 
4.280343 i 10 C GET p _o551:0 s 1 z 43 
4.292344 i 1 E HIT p _o551:0 c 10 s 2 
4.292344 i 1 E SND c 10 p _o551:0 z 10240 
4.308822 i 11 C STA p _o551:0 s 2 l 2.4237243798748822 
4.308822 i 11 C RCV p _o551:0 s 1 l 0.12004574880000085 z 10240 
4.400388 i 10 C STA p _o551:0 s 2 l 2.5152906798748824 
4.400388 i 10 C RCV p _o551:0 s 1 l 0.12004574880000085 z 10240 
4.547122 i 6 C GET p _o551:0 s 1 z 43 
4.559124 i 1 E HIT p _o551:0 c 6 s 2 
4.559124 i 1 E SND c 6 p _o551:0 z 10240 
4.667168 i 6 C STA p _o551:0 s 2 l 2.7820703798748814 
4.667168 i 6 C RCV p _o551:0 s 1 l 0.12004574880000085 z 10240 
4.720797 i 12 C GET p _o551:0 s 1 z 43 
4.732799 i 1 E HIT p _o551:0 c 12 s 2 
4.732799 i 1 E SND c 12 p _o551:0 z 10240 
4.840843 i 12 C STA p _o551:0 s 2 l 2.9557452798748822 
4.840843 i 12 C RCV p _o551:0 s 1 l 0.12004574880000085 z 10240 
5.01609 i 11 C GET p _o551:0 s 1 z 43 
5.028092 i 1 E HIT p _o551:0 c 11 s 2 
5.028092 i 1 E SND c 11 p _o551:0 z 10240 
5.067552 i 3 C GET p _o551:0 s 1 z 43 
5.079553 i 1 E HIT p _o551:0 c 3 s 2 
5.079553 i 1 E SND c 3 p _o551:0 z 10240 
5.136136 i 11 C STA p _o551:0 s 2 l 3.251038179874882 
5.136136 i 11 C RCV p _o551:0 s 1 l 0.12004574880000085 z 10240 
5.187597 i 3 C STA p _o551:0 s 2 l 3.3024996798748822 
5.187597 i 3 C RCV p _o551:0 s 1 l 0.12004574880000085 z 10240 
5.38534 i 10 C GET p _o551:0 s 1 z 43 
5.397341 i 1 E HIT p _o551:0 c 10 s 2 
5.397341 i 1 E SND c 10 p _o551:0 z 10240 
5.492255 i 5 C GET p _o551:0 s 1 z 43 
5.504256 i 1 E HIT p _o551:0 c 5 s 2 
5.504256 i 1 E SND c 5 p _o551:0 z 10240 
5.505385 i 10 C STA p _o551:0 s 2 l 3.6202876798748824 
5.505385 i 10 C RCV p _o551:0 s 1 l 0.12004574880000085 z 10240 
5.612301 i 5 C STA p _o551:0 s 2 l 3.7272029798748822 
5.612301 i 5 C RCV p _o551:0 s 1 l 0.12004574880000085 z 10240 
5.799251 i 5 C GET p _o551:0 s 1 z 43 
5.811252 i 1 E HIT p _o551:0 c 5 s 2 
5.811252 i 1 E SND c 5 p _o551:0 z 10240 
5.859119 i 11 C GET p _o551:0 s 1 z 43 
5.871121 i 1 E HIT p _o551:0 c 11 s 2 
5.871121 i 1 E SND c 11 p _o551:0 z 10240 
5.919297 i 5 C STA p _o551:0 s 2 l 4.0341989798748816 
5.919297 i 5 C RCV p _o551:0 s 1 l 0.12004574880000085 z 10240 
5.928095 i 3 C GET p _o551:0 s 1 z 43 
5.940096 i 1 E HIT p _o551:0 c 3 s 2 
5.940096 i 1 E SND c 3 p _o551:0 z 10240 
5.979165 i 11 C STA p _o551:0 s 2 l 4.094067179874882 
5.979165 i 11 C RCV p _o551:0 s 1 l 0.12004574880000085 z 10240 
6.04814 i 3 C STA p _o551:0 s 2 l 4.1630426798748825 
6.04814 i 3 C RCV p _o551:0 s 1 l 0.12004574880000085 z 10240 
6.129639 i 11 C GET p _o551:0 s 1 z 43 
6.14164 i 1 E HIT p _o551:0 c 11 s 2 
6.14164 i 1 E SND c 11 p _o551:0 z 10240 
6.249685 i 11 C STA p _o551:0 s 2 l 4.3645869798748826 
6.249685 i 11 C RCV p _o551:0 s 1 l 0.12004574880000085 z 10240 
6.283105 i 10 C GET p _o551:0 s 1 z 43 
6.292996 i 2 S MOD p _o551:0 m 6.2929963800193764 n 17.258037162007724 
6.295107 i 1 E HIT p _o551:0 c 10 s 2 
6.295107 i 1 E SND c 10 p _o551:0 z 10240 
6.367877 i 12 C GET p _o551:0 s 1 z 43 
6.379879 i 1 E HIT p _o551:0 c 12 s 2 
6.379879 i 1 E SND c 12 p _o551:0 z 10240 
6.40148 i 3 C GET p _o551:0 s 1 z 43 
6.403151 i 10 C STA p _o551:0 s 2 l 4.5180533798748819 
6.403151 i 10 C RCV p _o551:0 s 1 l 0.12004574880000085 z 10240 
6.413482 i 1 E HIT p _o551:0 c 3 s 2 
6.413482 i 1 E SND c 3 p _o551:0 z 10240 
6.487923 i 12 C STA p _o551:0 s 2 l 4.6028253798748828 
6.487923 i 12 C RCV p _o551:0 s 1 l 0.12004574880000085 z 10240 
6.521526 i 3 C STA p _o551:0 s 2 l 4.6364281798748816 
6.521526 i 3 C RCV p _o551:0 s 1 l 0.12004574880000085 z 10240 
6.523323 i 5 C GET p _o551:0 s 1 z 43 
6.535325 i 1 E HIT p _o551:0 c 5 s 2 
6.535325 i 1 E SND c 5 p _o551:0 z 10240 
6.539198 i 3 C GET p _o551:0 s 1 z 43 
6.551199 i 1 E HIT p _o551:0 c 3 s 2 
6.551199 i 1 E SND c 3 p _o551:0 z 10240 
6.563315 i 7 C GET p _o551:0 s 1 z 43 
6.575316 i 1 E HIT p _o551:0 c 7 s 2 
6.575316 i 1 E SND c 7 p _o551:0 z 10240 
6.587289 i 3 C STA p _o551:0 s 2 l 4.7021914910748865 
6.587289 i 3 C RCV p _o551:0 s 1 l 0.048091560000004918 z 10240 
6.643369 i 5 C STA p _o551:0 s 2 l 4.7582712798748812 
6.643369 i 5 C RCV p _o551:0 s 1 l 0.12004574880000085 z 10240 
6.674266 i 6 C GET p _o551:0 s 1 z 43 
6.68336 i 7 C STA p _o551:0 s 2 l 4.7982626798748811 
6.68336 i 7 C RCV p _o551:0 s 1 l 0.12004574880000085 z 10240 
6.686268 i 1 E HIT p _o551:0 c 6 s 2 
6.686268 i 1 E SND c 6 p _o551:0 z 10240 
6.794312 i 6 C STA p _o551:0 s 2 l 4.9092143798748804 
6.794312 i 6 C RCV p _o551:0 s 1 l 0.12004574880000085 z 10240 
6.91116 i 7 C GET p _o551:0 s 1 z 43 
6.923161 i 1 E HIT p _o551:0 c 7 s 2 
6.923161 i 1 E SND c 7 p _o551:0 z 10240 
7.031206 i 7 C STA p _o551:0 s 2 l 5.1461078798748812 
7.031206 i 7 C RCV p _o551:0 s 1 l 0.12004574880000085 z 10240 
7.086512 i 3 C GET p _o551:0 s 1 z 43 
7.097199 i 7 C GET p _o551:0 s 1 z 43 
7.098514 i 1 E HIT p _o551:0 c 3 s 2 
7.098514 i 1 E SND c 3 p _o551:0 z 10240 
7.1092 i 1 E HIT p _o551:0 c 7 s 2 
7.1092 i 1 E SND c 7 p _o551:0 z 10240 
7.14529 i 7 C STA p _o551:0 s 2 l 5.260192591074885 
7.14529 i 7 C RCV p _o551:0 s 1 l 0.048091560000004918 z 10240 
7.206558 i 3 C STA p _o551:0 s 2 l 5.3214602798748825 
7.206558 i 3 C RCV p _o551:0 s 1 l 0.12004574880000085 z 10240 
7.639873 i 9 C GET p _o551:0 s 1 z 43 
7.651874 i 1 E HIT p _o551:0 c 9 s 2 
7.651874 i 1 E SND c 9 p _o551:0 z 10240 
7.728977 i 10 C GET p _o551:0 s 1 z 43 
7.740979 i 1 E HIT p _o551:0 c 10 s 2 
7.740979 i 1 E SND c 10 p _o551:0 z 10240 
7.759919 i 9 C STA p _o551:0 s 2 l 5.874820879874882 
7.759919 i 9 C RCV p _o551:0 s 1 l 0.12004574880000085 z 10240 
7.804936 i 4 C GET p _o551:0 s 1 z 43 
7.816937 i 1 E HIT p _o551:0 c 4 s 2 
7.816937 i 1 E SND c 4 p _o551:0 z 10240 
7.849023 i 10 C STA p _o551:0 s 2 l 5.9639253798748815 
7.849023 i 10 C RCV p _o551:0 s 1 l 0.12004574880000085 z 10240 
7.870497 i 9 C GET p _o551:0 s 1 z 43 
7.882498 i 1 E HIT p _o551:0 c 9 s 2 
7.882498 i 1 E SND c 9 p _o551:0 z 10240 
7.918588 i 9 C STA p _o551:0 s 2 l 6.0334906910748849 
7.918588 i 9 C RCV p _o551:0 s 1 l 0.048091560000004918 z 10240 
7.924981 i 4 C STA p _o551:0 s 2 l 6.0398836798748814 
7.924981 i 4 C RCV p _o551:0 s 1 l 0.12004574880000085 z 10240 
7.971553 i 11 C GET p _o551:0 s 1 z 43 
7.983554 i 1 E HIT p _o551:0 c 11 s 2 
7.983554 i 1 E SND c 11 p _o551:0 z 10240 
8.091599 i 11 C STA p _o551:0 s 2 l 6.2065009798748783 
8.091599 i 11 C RCV p _o551:0 s 1 l 0.1200457487999973 z 10240 
8.101265 i 12 C GET p _o551:0 s 1 z 43 
8.113267 i 1 E HIT p _o551:0 c 12 s 2 
8.113267 i 1 E SND c 12 p _o551:0 z 10240 
8.157817 i 6 C GET p _o551:0 s 1 z 43 
8.169819 i 1 E HIT p _o551:0 c 6 s 2 
8.169819 i 1 E SND c 6 p _o551:0 z 10240 
8.176122 i 7 C GET p _o551:0 s 1 z 43 
8.179838 i 10 C GET p _o551:0 s 1 z 43 
8.188123 i 1 E HIT p _o551:0 c 7 s 2 
8.188123 i 1 E SND c 7 p _o551:0 z 10240 
8.19184 i 1 E HIT p _o551:0 c 10 s 2 
8.19184 i 1 E SND c 10 p _o551:0 z 10240 
8.221311 i 12 C STA p _o551:0 s 2 l 6.336213379874879 
8.221311 i 12 C RCV p _o551:0 s 1 l 0.1200457487999973 z 10240 
8.266991 i 12 C GET p _o551:0 s 1 z 43 
8.277863 i 6 C STA p _o551:0 s 2 l 6.3927653798748771 
8.277863 i 6 C RCV p _o551:0 s 1 l 0.1200457487999973 z 10240 
8.278992 i 1 E HIT p _o551:0 c 12 s 2 
8.278992 i 1 E SND c 12 p _o551:0 z 10240 
8.296168 i 7 C STA p _o551:0 s 2 l 6.411069779874877 
8.296168 i 7 C RCV p _o551:0 s 1 l 0.1200457487999973 z 10240 
8.299884 i 10 C STA p _o551:0 s 2 l 6.4147862798748783 
8.299884 i 10 C RCV p _o551:0 s 1 l 0.1200457487999973 z 10240 
8.315083 i 12 C STA p _o551:0 s 2 l 6.4299848210748713 
8.315083 i 12 C RCV p _o551:0 s 1 l 0.048091559999988931 z 10240 
8.323536 i 12 C GET p _o551:0 s 1 z 43 
8.335537 i 1 E HIT p _o551:0 c 12 s 2 
8.335537 i 1 E SND c 12 p _o551:0 z 10240 
8.371627 i 12 C STA p _o551:0 s 2 l 6.4865297010748719 
8.371627 i 12 C RCV p _o551:0 s 1 l 0.048091559999988931 z 10240 
8.641006 i 4 C GET p _o551:0 s 1 z 43 
8.653008 i 1 E HIT p _o551:0 c 4 s 2 
8.653008 i 1 E SND c 4 p _o551:0 z 10240 
8.761052 i 4 C STA p _o551:0 s 2 l 6.8759540798748784 
8.761052 i 4 C RCV p _o551:0 s 1 l 0.1200457487999973 z 10240 
8.788354 i 11 C GET p _o551:0 s 1 z 43 
8.800355 i 1 E HIT p _o551:0 c 11 s 2 
8.800355 i 1 E SND c 11 p _o551:0 z 10240 
8.894635 i 10 C GET p _o551:0 s 1 z 43 
8.906636 i 1 E HIT p _o551:0 c 10 s 2 
8.906636 i 1 E SND c 10 p _o551:0 z 10240 
8.908399 i 11 C STA p _o551:0 s 2 l 7.0233014798748776 
8.908399 i 11 C RCV p _o551:0 s 1 l 0.1200457487999973 z 10240 
8.934403 i 6 C GET p _o551:0 s 1 z 43 
8.946405 i 1 E HIT p _o551:0 c 6 s 2 
8.946405 i 1 E SND c 6 p _o551:0 z 10240 
8.948366 i 12 C GET p _o551:0 s 1 z 43 
8.960367 i 1 E HIT p _o551:0 c 12 s 2 
8.960367 i 1 E SND c 12 p _o551:0 z 10240 
9.01468 i 10 C STA p _o551:0 s 2 l 7.1295826698748783 
9.01468 i 10 C RCV p _o551:0 s 1 l 0.1200457487999973 z 10240 
9.021355 i 10 C GET p _o551:0 s 1 z 43 
9.033357 i 1 E HIT p _o551:0 c 10 s 2 
9.033357 i 1 E SND c 10 p _o551:0 z 10240 
9.054449 i 6 C STA p _o551:0 s 2 l 7.1693512798748777 
9.054449 i 6 C RCV p _o551:0 s 1 l 0.1200457487999973 z 10240 
9.068411 i 12 C STA p _o551:0 s 2 l 7.1833135898748797 
9.068411 i 12 C RCV p _o551:0 s 1 l 0.1200457487999973 z 10240 
9.069447 i 10 C STA p _o551:0 s 2 l 7.1843492810748693 
9.069447 i 10 C RCV p _o551:0 s 1 l 0.048091559999988931 z 10240 
9.249405 i 6 C GET p _o551:0 s 1 z 43 
9.261407 i 1 E HIT p _o551:0 c 6 s 2 
9.261407 i 1 E SND c 6 p _o551:0 z 10240 
9.344631 i 9 C GET p _o551:0 s 1 z 43 
9.356632 i 1 E HIT p _o551:0 c 9 s 2 
9.356632 i 1 E SND c 9 p _o551:0 z 10240 
9.369451 i 6 C STA p _o551:0 s 2 l 7.4843532798748775 
9.369451 i 6 C RCV p _o551:0 s 1 l 0.1200457487999973 z 10240 
9.464677 i 9 C STA p _o551:0 s 2 l 7.5795788798748767 
9.464677 i 9 C RCV p _o551:0 s 1 l 0.1200457487999973 z 10240 
9.47465 i 11 C GET p _o551:0 s 1 z 43 
9.486651 i 1 E HIT p _o551:0 c 11 s 2 
9.486651 i 1 E SND c 11 p _o551:0 z 10240 
9.537497 i 6 C GET p _o551:0 s 1 z 43 
9.549498 i 1 E HIT p _o551:0 c 6 s 2 
9.549498 i 1 E SND c 6 p _o551:0 z 10240 
9.594695 i 11 C STA p _o551:0 s 2 l 7.7095976098748782 
9.594695 i 11 C RCV p _o551:0 s 1 l 0.1200457487999973 z 10240 
9.657542 i 6 C STA p _o551:0 s 2 l 7.7724444798748777 
9.657542 i 6 C RCV p _o551:0 s 1 l 0.1200457487999973 z 10240 
9.754688 i 5 C GET p _o551:0 s 1 z 43 
9.756333 i 10 C GET p _o551:0 s 1 z 43 
9.76669 i 1 E HIT p _o551:0 c 5 s 2 
9.76669 i 1 E SND c 5 p _o551:0 z 10240 
9.768335 i 1 E HIT p _o551:0 c 10 s 2 
9.768335 i 1 E SND c 10 p _o551:0 z 10240 
9.867133 i 11 C GET p _o551:0 s 1 z 43 
9.874734 i 5 C STA p _o551:0 s 2 l 7.9896362798748779 
9.874734 i 5 C RCV p _o551:0 s 1 l 0.1200457487999973 z 10240 
9.876379 i 10 C STA p _o551:0 s 2 l 7.9912811698748776 
9.876379 i 10 C RCV p _o551:0 s 1 l 0.1200457487999973 z 10240 
9.879134 i 1 E HIT p _o551:0 c 11 s 2 
9.879134 i 1 E SND c 11 p _o551:0 z 10240 
9.921863 i 3 C GET p _o551:0 s 1 z 43 
9.933865 i 1 E HIT p _o551:0 c 3 s 2 
9.933865 i 1 E SND c 3 p _o551:0 z 10240 
9.957178 i 6 C GET p _o551:0 s 1 z 43 
9.969179 i 1 E HIT p _o551:0 c 6 s 2 
9.969179 i 1 E SND c 6 p _o551:0 z 10240 
9.987179 i 11 C STA p _o551:0 s 2 l 8.1020810098748779 
9.987179 i 11 C RCV p _o551:0 s 1 l 0.1200457487999973 z 10240 
10.041909 i 3 C STA p _o551:0 s 2 l 8.1568112798748782 
10.041909 i 3 C RCV p _o551:0 s 1 l 0.1200457487999973 z 10240 
10.077223 i 6 C STA p _o551:0 s 2 l 8.1921254798748784 
10.077223 i 6 C RCV p _o551:0 s 1 l 0.1200457487999973 z 10240 
10.104554 i 7 C GET p _o551:0 s 1 z 43 
10.116556 i 1 E HIT p _o551:0 c 7 s 2 
10.116556 i 1 E SND c 7 p _o551:0 z 10240 
10.2246 i 7 C STA p _o551:0 s 2 l 8.3395020898748768 
10.2246 i 7 C RCV p _o551:0 s 1 l 0.1200457487999973 z 10240 
10.261728 i 7 C GET p _o551:0 s 1 z 43 
10.273729 i 1 E HIT p _o551:0 c 7 s 2 
10.273729 i 1 E SND c 7 p _o551:0 z 10240 
10.284496 i 12 C GET p _o551:0 s 1 z 43 
10.296497 i 1 E HIT p _o551:0 c 12 s 2 
10.296497 i 1 E SND c 12 p _o551:0 z 10240 
10.309819 i 7 C STA p _o551:0 s 2 l 8.4247217010748692 
10.309819 i 7 C RCV p _o551:0 s 1 l 0.048091559999988931 z 10240 
10.379624 i 6 C GET p _o551:0 s 1 z 43 
10.391625 i 1 E HIT p _o551:0 c 6 s 2 
10.391625 i 1 E SND c 6 p _o551:0 z 10240 
10.393445 i 8 C GET p _o551:0 s 1 z 43 
10.404541 i 12 C STA p _o551:0 s 2 l 8.5194435898748804 
10.404541 i 12 C RCV p _o551:0 s 1 l 0.1200457487999973 z 10240 
10.405446 i 1 E HIT p _o551:0 c 8 s 2 
10.405446 i 1 E SND c 8 p _o551:0 z 10240 
10.413331 i 3 C GET p _o551:0 s 1 z 43 
10.425332 i 1 E HIT p _o551:0 c 3 s 2 
10.425332 i 1 E SND c 3 p _o551:0 z 10240 
10.499669 i 6 C STA p _o551:0 s 2 l 8.6145714798748791 
10.499669 i 6 C RCV p _o551:0 s 1 l 0.1200457487999973 z 10240 
10.513491 i 8 C STA p _o551:0 s 2 l 8.628392979874878 
10.513491 i 8 C RCV p _o551:0 s 1 l 0.1200457487999973 z 10240 
10.533376 i 3 C STA p _o551:0 s 2 l 8.6482784798748789 
10.533376 i 3 C RCV p _o551:0 s 1 l 0.1200457487999973 z 10240 
10.83831 i 11 C GET p _o551:0 s 1 z 43 
10.850311 i 1 E HIT p _o551:0 c 11 s 2 
10.850311 i 1 E SND c 11 p _o551:0 z 10240 
10.925081 i 9 C GET p _o551:0 s 1 z 43 
10.937082 i 1 E HIT p _o551:0 c 9 s 2 
10.937082 i 1 E SND c 9 p _o551:0 z 10240 
10.958355 i 11 C STA p _o551:0 s 2 l 9.0732575098748782 
10.958355 i 11 C RCV p _o551:0 s 1 l 0.1200457487999973 z 10240 
11.045127 i 9 C STA p _o551:0 s 2 l 9.1600288798748757 
11.045127 i 9 C RCV p _o551:0 s 1 l 0.1200457487999973 z 10240 
11.085308 i 10 C GET p _o551:0 s 1 z 43 
11.09731 i 1 E HIT p _o551:0 c 10 s 2 
11.09731 i 1 E SND c 10 p _o551:0 z 10240 
11.205354 i 10 C STA p _o551:0 s 2 l 9.3202561698748774 
11.205354 i 10 C RCV p _o551:0 s 1 l 0.1200457487999973 z 10240 
11.351784 i 4 C GET p _o551:0 s 1 z 43 
11.363786 i 1 E HIT p _o551:0 c 4 s 2 
11.363786 i 1 E SND c 4 p _o551:0 z 10240 
11.47183 i 4 C STA p _o551:0 s 2 l 9.5867320798748779 
11.47183 i 4 C RCV p _o551:0 s 1 l 0.1200457487999973 z 10240 
11.533164 i 7 C GET p _o551:0 s 1 z 43 
11.545165 i 1 E HIT p _o551:0 c 7 s 2 
11.545165 i 1 E SND c 7 p _o551:0 z 10240 
11.575737 i 5 C GET p _o551:0 s 1 z 43 
11.587739 i 1 E HIT p _o551:0 c 5 s 2 
11.587739 i 1 E SND c 5 p _o551:0 z 10240 
11.65321 i 7 C STA p _o551:0 s 2 l 9.7681118898748771 
11.65321 i 7 C RCV p _o551:0 s 1 l 0.1200457487999973 z 10240 
11.695783 i 5 C STA p _o551:0 s 2 l 9.8106852798748783 
11.695783 i 5 C RCV p _o551:0 s 1 l 0.1200457487999973 z 10240 
11.818746 i 5 C GET p _o551:0 s 1 z 43 
11.830748 i 1 E HIT p _o551:0 c 5 s 2 
11.830748 i 1 E SND c 5 p _o551:0 z 10240 
11.938792 i 5 C STA p _o551:0 s 2 l 10.053694109874877 
11.938792 i 5 C RCV p _o551:0 s 1 l 0.1200457487999973 z 10240 
12.025185 i 6 C GET p _o551:0 s 1 z 43 
12.037186 i 1 E HIT p _o551:0 c 6 s 2 
12.037186 i 1 E SND c 6 p _o551:0 z 10240 
12.077559 i 12 C GET p _o551:0 s 1 z 43 
12.08956 i 1 E HIT p _o551:0 c 12 s 2 
12.08956 i 1 E SND c 12 p _o551:0 z 10240 
12.109367 i 10 C GET p _o551:0 s 1 z 43 
12.121369 i 1 E HIT p _o551:0 c 10 s 2 
12.121369 i 1 E SND c 10 p _o551:0 z 10240 
12.14523 i 6 C STA p _o551:0 s 2 l 10.26013247987488 
12.14523 i 6 C RCV p _o551:0 s 1 l 0.1200457487999973 z 10240 
12.16356 i 5 C GET p _o551:0 s 1 z 43 
12.175562 i 1 E HIT p _o551:0 c 5 s 2 
12.175562 i 1 E SND c 5 p _o551:0 z 10240 
12.197604 i 12 C STA p _o551:0 s 2 l 10.31250658987488 
12.197604 i 12 C RCV p _o551:0 s 1 l 0.1200457487999973 z 10240 
12.229413 i 10 C STA p _o551:0 s 2 l 10.344315169874877 
12.229413 i 10 C RCV p _o551:0 s 1 l 0.1200457487999973 z 10240 
12.263834 i 12 C GET p _o551:0 s 1 z 43 
12.275835 i 1 E HIT p _o551:0 c 12 s 2 
12.275835 i 1 E SND c 12 p _o551:0 z 10240 
12.283606 i 5 C STA p _o551:0 s 2 l 10.398508109874877 
12.283606 i 5 C RCV p _o551:0 s 1 l 0.1200457487999973 z 10240 
12.311925 i 12 C STA p _o551:0 s 2 l 10.426827301074873 
12.311925 i 12 C RCV p _o551:0 s 1 l 0.048091559999988931 z 10240 
12.773337 i 5 C GET p _o551:0 s 1 z 43 
12.785338 i 1 E HIT p _o551:0 c 5 s 2 
12.785338 i 1 E SND c 5 p _o551:0 z 10240 
12.868315 i 6 C GET p _o551:0 s 1 z 43 
12.880316 i 1 E HIT p _o551:0 c 6 s 2 
12.880316 i 1 E SND c 6 p _o551:0 z 10240 
12.891988 i 4 C GET p _o551:0 s 1 z 43 
12.893382 i 5 C STA p _o551:0 s 2 l 11.008284609874877 
12.893382 i 5 C RCV p _o551:0 s 1 l 0.1200457487999973 z 10240 
12.90399 i 1 E HIT p _o551:0 c 4 s 2 
12.90399 i 1 E SND c 4 p _o551:0 z 10240 
12.963454 i 11 C GET p _o551:0 s 1 z 43 
12.972134 i 3 C GET p _o551:0 s 1 z 43 
12.975455 i 1 E HIT p _o551:0 c 11 s 2 
12.975455 i 1 E SND c 11 p _o551:0 z 10240 
12.984135 i 1 E HIT p _o551:0 c 3 s 2 
12.984135 i 1 E SND c 3 p _o551:0 z 10240 
12.98836 i 6 C STA p _o551:0 s 2 l 11.103262679874881 
12.98836 i 6 C RCV p _o551:0 s 1 l 0.1200457487999973 z 10240 
13.012034 i 4 C STA p _o551:0 s 2 l 11.126936079874877 
13.012034 i 4 C RCV p _o551:0 s 1 l 0.1200457487999973 z 10240 
13.043769 i 10 C GET p _o551:0 s 1 z 43 
13.055771 i 1 E HIT p _o551:0 c 10 s 2 
13.055771 i 1 E SND c 10 p _o551:0 z 10240 
13.082086 i 4 C GET p _o551:0 s 1 z 43 
13.083499 i 11 C STA p _o551:0 s 2 l 11.198401509874879 
13.083499 i 11 C RCV p _o551:0 s 1 l 0.1200457487999973 z 10240 
13.092179 i 3 C STA p _o551:0 s 2 l 11.20708147987488 
13.092179 i 3 C RCV p _o551:0 s 1 l 0.1200457487999973 z 10240 
13.094088 i 1 E HIT p _o551:0 c 4 s 2 
13.094088 i 1 E SND c 4 p _o551:0 z 10240 
13.126016 i 3 C GET p _o551:0 s 1 z 43 
13.130178 i 4 C STA p _o551:0 s 2 l 11.245079891074869 
13.130178 i 4 C RCV p _o551:0 s 1 l 0.048091559999988931 z 10240 
13.138017 i 1 E HIT p _o551:0 c 3 s 2 
13.138017 i 1 E SND c 3 p _o551:0 z 10240 
13.163815 i 10 C STA p _o551:0 s 2 l 11.278717269874877 
13.163815 i 10 C RCV p _o551:0 s 1 l 0.1200457487999973 z 10240 
13.174108 i 3 C STA p _o551:0 s 2 l 11.289009791074871 
13.174108 i 3 C RCV p _o551:0 s 1 l 0.048091559999988931 z 10240 
13.179257 i 11 C GET p _o551:0 s 1 z 43 
13.191259 i 1 E HIT p _o551:0 c 11 s 2 
13.191259 i 1 E SND c 11 p _o551:0 z 10240 
13.299303 i 11 C STA p _o551:0 s 2 l 11.414205409874878 
13.299303 i 11 C RCV p _o551:0 s 1 l 0.1200457487999973 z 10240 
13.313223 i 4 C GET p _o551:0 s 1 z 43 
13.317664 i 5 C GET p _o551:0 s 1 z 43 
13.325225 i 1 E HIT p _o551:0 c 4 s 2 
13.325225 i 1 E SND c 4 p _o551:0 z 10240 
13.329665 i 1 E HIT p _o551:0 c 5 s 2 
13.329665 i 1 E SND c 5 p _o551:0 z 10240 
13.433269 i 4 C STA p _o551:0 s 2 l 11.548171179874878 
13.433269 i 4 C RCV p _o551:0 s 1 l 0.1200457487999973 z 10240 
13.437709 i 5 C STA p _o551:0 s 2 l 11.552611509874877 
13.437709 i 5 C RCV p _o551:0 s 1 l 0.1200457487999973 z 10240 
13.489608 i 4 C GET p _o551:0 s 1 z 43 
13.501609 i 1 E HIT p _o551:0 c 4 s 2 
13.501609 i 1 E SND c 4 p _o551:0 z 10240 
13.537699 i 4 C STA p _o551:0 s 2 l 11.65260129107487 
13.537699 i 4 C RCV p _o551:0 s 1 l 0.048091559999988931 z 10240 
13.573749 i 8 C GET p _o551:0 s 1 z 43 
13.58575 i 1 E HIT p _o551:0 c 8 s 2 
13.58575 i 1 E SND c 8 p _o551:0 z 10240 
13.693795 i 8 C STA p _o551:0 s 2 l 11.808696979874878 
13.693795 i 8 C RCV p _o551:0 s 1 l 0.1200457487999973 z 10240 
13.742913 i 6 C GET p _o551:0 s 1 z 43 
13.754915 i 1 E HIT p _o551:0 c 6 s 2 
13.754915 i 1 E SND c 6 p _o551:0 z 10240 
13.845408 i 9 C GET p _o551:0 s 1 z 43 
13.857409 i 1 E HIT p _o551:0 c 9 s 2 
13.857409 i 1 E SND c 9 p _o551:0 z 10240 
13.862959 i 6 C STA p _o551:0 s 2 l 11.977861279874881 
13.862959 i 6 C RCV p _o551:0 s 1 l 0.1200457487999973 z 10240 
13.965454 i 9 C STA p _o551:0 s 2 l 12.080355879874876 
13.965454 i 9 C RCV p _o551:0 s 1 l 0.1200457487999973 z 10240 
14.057385 i 5 C GET p _o551:0 s 1 z 43 
14.069387 i 1 E HIT p _o551:0 c 5 s 2 
14.069387 i 1 E SND c 5 p _o551:0 z 10240 
14.177431 i 5 C STA p _o551:0 s 2 l 12.292333209874878 
14.177431 i 5 C RCV p _o551:0 s 1 l 0.1200457487999973 z 10240 
14.196152 i 9 C GET p _o551:0 s 1 z 43 
14.208153 i 1 E HIT p _o551:0 c 9 s 2 
14.208153 i 1 E SND c 9 p _o551:0 z 10240 
14.305275 i 12 C GET p _o551:0 s 1 z 43 
14.316197 i 9 C STA p _o551:0 s 2 l 12.431099679874876 
14.316197 i 9 C RCV p _o551:0 s 1 l 0.1200457487999973 z 10240 
14.317276 i 1 E HIT p _o551:0 c 12 s 2 
14.317276 i 1 E SND c 12 p _o551:0 z 10240 
14.42532 i 12 C STA p _o551:0 s 2 l 12.540222489874882 
14.42532 i 12 C RCV p _o551:0 s 1 l 0.1200457487999973 z 10240 
14.427304 i 7 C GET p _o551:0 s 1 z 43 
14.439305 i 1 E HIT p _o551:0 c 7 s 2 
14.439305 i 1 E SND c 7 p _o551:0 z 10240 
14.54735 i 7 C STA p _o551:0 s 2 l 12.662251889874877 
14.54735 i 7 C RCV p _o551:0 s 1 l 0.1200457487999973 z 10240 
14.733308 i 11 C GET p _o551:0 s 1 z 43 
14.74531 i 1 E HIT p _o551:0 c 11 s 2 
14.74531 i 1 E SND c 11 p _o551:0 z 10240 
14.853354 i 11 C STA p _o551:0 s 2 l 12.968256409874877 
14.853354 i 11 C RCV p _o551:0 s 1 l 0.1200457487999973 z 10240 
14.883988 i 8 C GET p _o551:0 s 1 z 43 
14.895989 i 1 E HIT p _o551:0 c 8 s 2 
14.895989 i 1 E SND c 8 p _o551:0 z 10240 
14.89699 i 5 C GET p _o551:0 s 1 z 43 
14.908992 i 1 E HIT p _o551:0 c 5 s 2 
14.908992 i 1 E SND c 5 p _o551:0 z 10240 
14.914734 i 9 C GET p _o551:0 s 1 z 43 
14.926735 i 1 E HIT p _o551:0 c 9 s 2 
14.926735 i 1 E SND c 9 p _o551:0 z 10240 
15.004034 i 8 C STA p _o551:0 s 2 l 13.118935979874877 
15.004034 i 8 C RCV p _o551:0 s 1 l 0.1200457487999973 z 10240 
15.017036 i 5 C STA p _o551:0 s 2 l 13.131938309874878 
15.017036 i 5 C RCV p _o551:0 s 1 l 0.1200457487999973 z 10240 
15.03478 i 9 C STA p _o551:0 s 2 l 13.149681779874877 
15.03478 i 9 C RCV p _o551:0 s 1 l 0.1200457487999973 z 10240 
15.104507 i 11 C GET p _o551:0 s 1 z 43 
15.116508 i 1 E HIT p _o551:0 c 11 s 2 
15.116508 i 1 E SND c 11 p _o551:0 z 10240 
15.224552 i 11 C STA p _o551:0 s 2 l 13.339454509874876 
15.224552 i 11 C RCV p _o551:0 s 1 l 0.1200457487999973 z 10240 
15.327584 i 4 C GET p _o551:0 s 1 z 43 
15.339585 i 1 E HIT p _o551:0 c 4 s 2 
15.339585 i 1 E SND c 4 p _o551:0 z 10240 
15.447629 i 4 C STA p _o551:0 s 2 l 13.562531479874878 
15.447629 i 4 C RCV p _o551:0 s 1 l 0.1200457487999973 z 10240 
15.483097 i 12 C GET p _o551:0 s 1 z 43 
15.495098 i 1 E HIT p _o551:0 c 12 s 2 
15.495098 i 1 E SND c 12 p _o551:0 z 10240 
15.603142 i 12 C STA p _o551:0 s 2 l 13.718044489874881 
15.603142 i 12 C RCV p _o551:0 s 1 l 0.1200457487999973 z 10240 
15.653844 i 5 C GET p _o551:0 s 1 z 43 
15.665846 i 1 E HIT p _o551:0 c 5 s 2 
15.665846 i 1 E SND c 5 p _o551:0 z 10240 
15.702089 i 3 C GET p _o551:0 s 1 z 43 
15.71409 i 1 E HIT p _o551:0 c 3 s 2 
15.71409 i 1 E SND c 3 p _o551:0 z 10240 
15.77389 i 5 C STA p _o551:0 s 2 l 13.888792209874877 
15.77389 i 5 C RCV p _o551:0 s 1 l 0.1200457487999973 z 10240 
15.822135 i 3 C STA p _o551:0 s 2 l 13.937036979874879 
15.822135 i 3 C RCV p _o551:0 s 1 l 0.1200457487999973 z 10240 
15.843571 i 11 C GET p _o551:0 s 1 z 43 
15.855572 i 1 E HIT p _o551:0 c 11 s 2 
15.855572 i 1 E SND c 11 p _o551:0 z 10240 
15.963617 i 11 C STA p _o551:0 s 2 l 14.078519009874876 
15.963617 i 11 C RCV p _o551:0 s 1 l 0.1200457487999973 z 10240 
16.062564 i 9 C GET p _o551:0 s 1 z 43 
16.074565 i 1 E HIT p _o551:0 c 9 s 2 
16.074565 i 1 E SND c 9 p _o551:0 z 10240 
16.144462 i 3 C GET p _o551:0 s 1 z 43 
16.156463 i 1 E HIT p _o551:0 c 3 s 2 
16.156463 i 1 E SND c 3 p _o551:0 z 10240 
16.182609 i 9 C STA p _o551:0 s 2 l 14.29751157987487 
16.182609 i 9 C RCV p _o551:0 s 1 l 0.12004574879999197 z 10240 
16.216709 i 8 C GET p _o551:0 s 1 z 43 
16.22871 i 1 E HIT p _o551:0 c 8 s 2 
16.22871 i 1 E SND c 8 p _o551:0 z 10240 
16.264508 i 3 C STA p _o551:0 s 2 l 14.379409879874872 
16.264508 i 3 C RCV p _o551:0 s 1 l 0.12004574879999197 z 10240 
16.333793 i 12 C GET p _o551:0 s 1 z 43 
16.336755 i 8 C STA p _o551:0 s 2 l 14.451656979874871 
16.336755 i 8 C RCV p _o551:0 s 1 l 0.12004574879999197 z 10240 
16.336833 i 5 C GET p _o551:0 s 1 z 43 
16.345795 i 1 E HIT p _o551:0 c 12 s 2 
16.345795 i 1 E SND c 12 p _o551:0 z 10240 
16.348834 i 1 E HIT p _o551:0 c 5 s 2 
16.348834 i 1 E SND c 5 p _o551:0 z 10240 
16.453839 i 12 C STA p _o551:0 s 2 l 14.568741319874876 
16.453839 i 12 C RCV p _o551:0 s 1 l 0.12004574879999197 z 10240 
16.456878 i 5 C STA p _o551:0 s 2 l 14.571780509874872 
16.456878 i 5 C RCV p _o551:0 s 1 l 0.12004574879999197 z 10240 
16.768404 i 12 C GET p _o551:0 s 1 z 43 
16.780405 i 1 E HIT p _o551:0 c 12 s 2 
16.780405 i 1 E SND c 12 p _o551:0 z 10240 
16.781774 i 11 C GET p _o551:0 s 1 z 43 
16.793775 i 1 E HIT p _o551:0 c 11 s 2 
16.793775 i 1 E SND c 11 p _o551:0 z 10240 
16.88845 i 12 C STA p _o551:0 s 2 l 15.003351819874878 
16.88845 i 12 C RCV p _o551:0 s 1 l 0.12004574879999197 z 10240 
16.90182 i 11 C STA p _o551:0 s 2 l 15.016721809874872 
16.90182 i 11 C RCV p _o551:0 s 1 l 0.12004574879999197 z 10240 
17.17933 i 3 C GET p _o551:0 s 1 z 43 
17.191331 i 1 E HIT p _o551:0 c 3 s 2 
17.191331 i 1 E SND c 3 p _o551:0 z 10240 
17.241217 i 11 C GET p _o551:0 s 1 z 43 
17.253218 i 1 E HIT p _o551:0 c 11 s 2 
17.253218 i 1 E SND c 11 p _o551:0 z 10240 
17.258037 i 2 S MOD p _o551:0 m 17.258037162007724 n 19.901594536112068 
17.299376 i 3 C STA p _o551:0 s 2 l 15.414277879874872 
17.299376 i 3 C RCV p _o551:0 s 1 l 0.12004574879999197 z 10240 
17.348435 i 9 C GET p _o551:0 s 1 z 43 
17.360436 i 1 E HIT p _o551:0 c 9 s 2 
17.360436 i 1 E SND c 9 p _o551:0 z 10240 
17.361262 i 11 C STA p _o551:0 s 2 l 15.476164509874872 
17.361262 i 11 C RCV p _o551:0 s 1 l 0.12004574879999197 z 10240 
17.46848 i 9 C STA p _o551:0 s 2 l 15.58338257987487 
17.46848 i 9 C RCV p _o551:0 s 1 l 0.12004574879999197 z 10240 
17.578666 i 12 C GET p _o551:0 s 1 z 43 
17.590667 i 1 E HIT p _o551:0 c 12 s 2 
17.590667 i 1 E SND c 12 p _o551:0 z 10240 
17.658226 i 6 C GET p _o551:0 s 1 z 43 
17.670228 i 1 E HIT p _o551:0 c 6 s 2 
17.670228 i 1 E SND c 6 p _o551:0 z 10240 
17.698712 i 12 C STA p _o551:0 s 2 l 15.813613919874877 
17.698712 i 12 C RCV p _o551:0 s 1 l 0.12004574879999197 z 10240 
17.778272 i 6 C STA p _o551:0 s 2 l 15.893174279874875 
17.778272 i 6 C RCV p _o551:0 s 1 l 0.12004574879999197 z 10240 
18.235959 i 5 C GET p _o551:0 s 1 z 43 
18.24796 i 1 E HIT p _o551:0 c 5 s 2 
18.24796 i 1 E SND c 5 p _o551:0 z 10240 
18.356004 i 5 C STA p _o551:0 s 2 l 16.470906509874872 
18.356004 i 5 C RCV p _o551:0 s 1 l 0.12004574879999197 z 10240 
18.534604 i 9 C GET p _o551:0 s 1 z 43 
18.546605 i 1 E HIT p _o551:0 c 9 s 2 
18.546605 i 1 E SND c 9 p _o551:0 z 10240 
18.551082 i 4 C GET p _o551:0 s 1 z 43 
18.563083 i 1 E HIT p _o551:0 c 4 s 2 
18.563083 i 1 E SND c 4 p _o551:0 z 10240 
18.638436 i 6 C GET p _o551:0 s 1 z 43 
18.650437 i 1 E HIT p _o551:0 c 6 s 2 
18.650437 i 1 E SND c 6 p _o551:0 z 10240 
18.654649 i 9 C STA p _o551:0 s 2 l 16.769551579874872 
18.654649 i 9 C RCV p _o551:0 s 1 l 0.12004574879999197 z 10240 
18.671127 i 4 C STA p _o551:0 s 2 l 16.786029479874873 
18.671127 i 4 C RCV p _o551:0 s 1 l 0.12004574879999197 z 10240 
18.685344 i 12 C GET p _o551:0 s 1 z 43 
18.690743 i 10 C GET p _o551:0 s 1 z 43 
18.697345 i 1 E HIT p _o551:0 c 12 s 2 
18.697345 i 1 E SND c 12 p _o551:0 z 10240 
18.702745 i 1 E HIT p _o551:0 c 10 s 2 
18.702745 i 1 E SND c 10 p _o551:0 z 10240 
18.758482 i 6 C STA p _o551:0 s 2 l 16.873383979874877 
18.758482 i 6 C RCV p _o551:0 s 1 l 0.12004574879999197 z 10240 
18.786993 i 9 C GET p _o551:0 s 1 z 43 
18.798995 i 1 E HIT p _o551:0 c 9 s 2 
18.798995 i 1 E SND c 9 p _o551:0 z 10240 
18.80539 i 12 C STA p _o551:0 s 2 l 16.920291919874877 
18.80539 i 12 C RCV p _o551:0 s 1 l 0.12004574879999197 z 10240 
18.810789 i 10 C STA p _o551:0 s 2 l 16.925691269874875 
18.810789 i 10 C RCV p _o551:0 s 1 l 0.12004574879999197 z 10240 
18.858154 i 12 C GET p _o551:0 s 1 z 43 
18.870156 i 1 E HIT p _o551:0 c 12 s 2 
18.870156 i 1 E SND c 12 p _o551:0 z 10240 
18.906246 i 12 C STA p _o551:0 s 2 l 17.021148131074899 
18.906246 i 12 C RCV p _o551:0 s 1 l 0.0480915600000138 z 10240 
18.907039 i 9 C STA p _o551:0 s 2 l 17.021941479874872 
18.907039 i 9 C RCV p _o551:0 s 1 l 0.12004574879999197 z 10240 
19.045837 i 10 C GET p _o551:0 s 1 z 43 
19.057839 i 1 E HIT p _o551:0 c 10 s 2 
19.057839 i 1 E SND c 10 p _o551:0 z 10240 
19.165883 i 10 C STA p _o551:0 s 2 l 17.280785169874875 
19.165883 i 10 C RCV p _o551:0 s 1 l 0.12004574879999197 z 10240 
19.201436 i 10 C GET p _o551:0 s 1 z 43 
19.213438 i 1 E HIT p _o551:0 c 10 s 2 
19.213438 i 1 E SND c 10 p _o551:0 z 10240 
19.216432 i 3 C GET p _o551:0 s 1 z 43 
19.219897 i 5 C GET p _o551:0 s 1 z 43 
19.228433 i 1 E HIT p _o551:0 c 3 s 2 
19.228433 i 1 E SND c 3 p _o551:0 z 10240 
19.231899 i 1 E HIT p _o551:0 c 5 s 2 
19.231899 i 1 E SND c 5 p _o551:0 z 10240 
19.248015 i 6 C GET p _o551:0 s 1 z 43 
19.249528 i 10 C STA p _o551:0 s 2 l 17.364430081074897 
19.249528 i 10 C RCV p _o551:0 s 1 l 0.0480915600000138 z 10240 
19.260016 i 1 E HIT p _o551:0 c 6 s 2 
19.260016 i 1 E SND c 6 p _o551:0 z 10240 
19.263814 i 7 C GET p _o551:0 s 1 z 43 
19.275815 i 1 E HIT p _o551:0 c 7 s 2 
19.275815 i 1 E SND c 7 p _o551:0 z 10240 
19.336478 i 3 C STA p _o551:0 s 2 l 17.451379879874874 
19.336478 i 3 C RCV p _o551:0 s 1 l 0.12004574879999197 z 10240 
19.339943 i 5 C STA p _o551:0 s 2 l 17.454845109874871 
19.339943 i 5 C RCV p _o551:0 s 1 l 0.12004574879999197 z 10240 
19.36806 i 6 C STA p _o551:0 s 2 l 17.482962579874876 
19.36806 i 6 C RCV p _o551:0 s 1 l 0.12004574879999197 z 10240 
19.38386 i 7 C STA p _o551:0 s 2 l 17.498761889874874 
19.38386 i 7 C RCV p _o551:0 s 1 l 0.12004574879999197 z 10240 
19.399967 i 4 C GET p _o551:0 s 1 z 43 
19.411969 i 1 E HIT p _o551:0 c 4 s 2 
19.411969 i 1 E SND c 4 p _o551:0 z 10240 
19.466899 i 3 C GET p _o551:0 s 1 z 43 
19.478901 i 1 E HIT p _o551:0 c 3 s 2 
19.478901 i 1 E SND c 3 p _o551:0 z 10240 
19.511886 i 12 C GET p _o551:0 s 1 z 43 
19.520013 i 4 C STA p _o551:0 s 2 l 17.634915279874875 
19.520013 i 4 C RCV p _o551:0 s 1 l 0.12004574879999197 z 10240 
19.523887 i 1 E HIT p _o551:0 c 12 s 2 
19.523887 i 1 E SND c 12 p _o551:0 z 10240 
19.560752 i 9 C GET p _o551:0 s 1 z 43 
19.572753 i 1 E HIT p _o551:0 c 9 s 2 
19.572753 i 1 E SND c 9 p _o551:0 z 10240 
19.586945 i 3 C STA p _o551:0 s 2 l 17.701847239874873 
19.586945 i 3 C RCV p _o551:0 s 1 l 0.12004574879999197 z 10240 
19.607062 i 8 C GET p _o551:0 s 1 z 43 
19.619064 i 1 E HIT p _o551:0 c 8 s 2 
19.619064 i 1 E SND c 8 p _o551:0 z 10240 
19.631932 i 12 C STA p _o551:0 s 2 l 17.746833919874877 
19.631932 i 12 C RCV p _o551:0 s 1 l 0.12004574879999197 z 10240 
19.680798 i 9 C STA p _o551:0 s 2 l 17.795699979874872 
19.680798 i 9 C RCV p _o551:0 s 1 l 0.12004574879999197 z 10240 
19.710807 i 9 C GET p _o551:0 s 1 z 43 
19.722808 i 1 E HIT p _o551:0 c 9 s 2 
19.722808 i 1 E SND c 9 p _o551:0 z 10240 
19.727108 i 8 C STA p _o551:0 s 2 l 17.842010449874874 
19.727108 i 8 C RCV p _o551:0 s 1 l 0.12004574879999197 z 10240 
19.745036 i 10 C GET p _o551:0 s 1 z 43 
19.757037 i 1 E HIT p _o551:0 c 10 s 2 
19.757037 i 1 E SND c 10 p _o551:0 z 10240 
19.758899 i 9 C STA p _o551:0 s 2 l 17.873800791074892 
19.758899 i 9 C RCV p _o551:0 s 1 l 0.0480915600000138 z 10240 
19.79753 i 8 C GET p _o551:0 s 1 z 43 
19.809531 i 1 E HIT p _o551:0 c 8 s 2 
19.809531 i 1 E SND c 8 p _o551:0 z 10240 
19.845622 i 8 C STA p _o551:0 s 2 l 17.960523781074894 
19.845622 i 8 C RCV p _o551:0 s 1 l 0.0480915600000138 z 10240 
19.865082 i 10 C STA p _o551:0 s 2 l 17.979983769874874 
19.865082 i 10 C RCV p _o551:0 s 1 l 0.12004574879999197 z 10240 
19.901595 i 2 S MOD p _o551:0 m 19.901594536112068 n 23.113809246687637 
20.060603 i 8 C GET p _o551:0 s 1 z 43 
20.072605 i 1 E HIT p _o551:0 c 8 s 2 
20.072605 i 1 E SND c 8 p _o551:0 z 10240 
20.135175 i 11 C GET p _o551:0 s 1 z 43 
20.147176 i 1 E HIT p _o551:0 c 11 s 2 
20.147176 i 1 E SND c 11 p _o551:0 z 10240 
20.148572 i 4 C GET p _o551:0 s 1 z 43 
20.160573 i 1 E HIT p _o551:0 c 4 s 2 
20.160573 i 1 E SND c 4 p _o551:0 z 10240 
20.166868 i 3 C GET p _o551:0 s 1 z 43 
20.17887 i 1 E HIT p _o551:0 c 3 s 2 
20.17887 i 1 E SND c 3 p _o551:0 z 10240 
20.180649 i 8 C STA p _o551:0 s 2 l 18.295551369874872 
20.180649 i 8 C RCV p _o551:0 s 1 l 0.12004574879999197 z 10240 
20.25522 i 11 C STA p _o551:0 s 2 l 18.370122509874875 
20.25522 i 11 C RCV p _o551:0 s 1 l 0.12004574879999197 z 10240 
20.268618 i 4 C STA p _o551:0 s 2 l 18.383519879874875 
20.268618 i 4 C RCV p _o551:0 s 1 l 0.12004574879999197 z 10240 
20.286914 i 3 C STA p _o551:0 s 2 l 18.401816339874873 
20.286914 i 3 C RCV p _o551:0 s 1 l 0.12004574879999197 z 10240 
20.319217 i 8 C GET p _o551:0 s 1 z 43 
20.331219 i 1 E HIT p _o551:0 c 8 s 2 
20.331219 i 1 E SND c 8 p _o551:0 z 10240 
20.416498 i 10 C GET p _o551:0 s 1 z 43 
20.426019 i 7 C GET p _o551:0 s 1 z 43 
20.428499 i 1 E HIT p _o551:0 c 10 s 2 
20.428499 i 1 E SND c 10 p _o551:0 z 10240 
20.43802 i 1 E HIT p _o551:0 c 7 s 2 
20.43802 i 1 E SND c 7 p _o551:0 z 10240 
20.439263 i 8 C STA p _o551:0 s 2 l 18.554165269874872 
20.439263 i 8 C RCV p _o551:0 s 1 l 0.12004574879999197 z 10240 
20.534314 i 5 C GET p _o551:0 s 1 z 43 
20.536543 i 10 C STA p _o551:0 s 2 l 18.651445669874875 
20.536543 i 10 C RCV p _o551:0 s 1 l 0.12004574879999197 z 10240 
20.546065 i 7 C STA p _o551:0 s 2 l 18.660966889874874 
20.546065 i 7 C RCV p _o551:0 s 1 l 0.12004574879999197 z 10240 
20.546316 i 1 E HIT p _o551:0 c 5 s 2 
20.546316 i 1 E SND c 5 p _o551:0 z 10240 
20.65436 i 5 C STA p _o551:0 s 2 l 18.76926210987487 
20.65436 i 5 C RCV p _o551:0 s 1 l 0.12004574879999197 z 10240 
20.822494 i 9 C GET p _o551:0 s 1 z 43 
20.834495 i 1 E HIT p _o551:0 c 9 s 2 
20.834495 i 1 E SND c 9 p _o551:0 z 10240 
20.853466 i 7 C GET p _o551:0 s 1 z 43 
20.865467 i 1 E HIT p _o551:0 c 7 s 2 
20.865467 i 1 E SND c 7 p _o551:0 z 10240 
20.903078 i 12 C GET p _o551:0 s 1 z 43 
20.915079 i 1 E HIT p _o551:0 c 12 s 2 
20.915079 i 1 E SND c 12 p _o551:0 z 10240 
20.94254 i 9 C STA p _o551:0 s 2 l 19.05744197987487 
20.94254 i 9 C RCV p _o551:0 s 1 l 0.12004574879999197 z 10240 
20.947919 i 10 C GET p _o551:0 s 1 z 43 
20.959921 i 1 E HIT p _o551:0 c 10 s 2 
20.959921 i 1 E SND c 10 p _o551:0 z 10240 
20.973511 i 7 C STA p _o551:0 s 2 l 19.088413689874873 
20.973511 i 7 C RCV p _o551:0 s 1 l 0.12004574879999197 z 10240 
21.023124 i 12 C STA p _o551:0 s 2 l 19.138025919874877 
21.023124 i 12 C RCV p _o551:0 s 1 l 0.12004574879999197 z 10240 
21.067965 i 10 C STA p _o551:0 s 2 l 19.182867369874874 
21.067965 i 10 C RCV p _o551:0 s 1 l 0.12004574879999197 z 10240 
21.088125 i 5 C GET p _o551:0 s 1 z 43 
21.100126 i 1 E HIT p _o551:0 c 5 s 2 
21.100126 i 1 E SND c 5 p _o551:0 z 10240 
21.126006 i 8 C GET p _o551:0 s 1 z 43 
21.138008 i 1 E HIT p _o551:0 c 8 s 2 
21.138008 i 1 E SND c 8 p _o551:0 z 10240 
21.208171 i 5 C STA p _o551:0 s 2 l 19.323073009874868 
21.208171 i 5 C RCV p _o551:0 s 1 l 0.12004574879999197 z 10240 
21.243585 i 3 C GET p _o551:0 s 1 z 43 
21.246052 i 8 C STA p _o551:0 s 2 l 19.360954369874872 
21.246052 i 8 C RCV p _o551:0 s 1 l 0.12004574879999197 z 10240 
21.255587 i 1 E HIT p _o551:0 c 3 s 2 
21.255587 i 1 E SND c 3 p _o551:0 z 10240 
21.305313 i 8 C GET p _o551:0 s 1 z 43 
21.317315 i 1 E HIT p _o551:0 c 8 s 2 
21.317315 i 1 E SND c 8 p _o551:0 z 10240 
21.353405 i 8 C STA p _o551:0 s 2 l 19.468306881074895 
21.353405 i 8 C RCV p _o551:0 s 1 l 0.0480915600000138 z 10240 
21.363631 i 3 C STA p _o551:0 s 2 l 19.478533339874872 
21.363631 i 3 C RCV p _o551:0 s 1 l 0.12004574879999197 z 10240 
21.463186 i 4 C GET p _o551:0 s 1 z 43 
21.475187 i 1 E HIT p _o551:0 c 4 s 2 
21.475187 i 1 E SND c 4 p _o551:0 z 10240 
21.583232 i 4 C STA p _o551:0 s 2 l 19.698133879874874 
21.583232 i 4 C RCV p _o551:0 s 1 l 0.12004574879999197 z 10240 
21.656147 i 10 C GET p _o551:0 s 1 z 43 
21.668148 i 1 E HIT p _o551:0 c 10 s 2 
21.668148 i 1 E SND c 10 p _o551:0 z 10240 
21.776192 i 10 C STA p _o551:0 s 2 l 19.891094569874873 
21.776192 i 10 C RCV p _o551:0 s 1 l 0.12004574879999197 z 10240 
21.958293 i 3 C GET p _o551:0 s 1 z 43 
21.970294 i 1 E HIT p _o551:0 c 3 s 2 
21.970294 i 1 E SND c 3 p _o551:0 z 10240 
21.979632 i 6 C GET p _o551:0 s 1 z 43 
21.991633 i 1 E HIT p _o551:0 c 6 s 2 
21.991633 i 1 E SND c 6 p _o551:0 z 10240 
22.035195 i 8 C GET p _o551:0 s 1 z 43 
22.047196 i 1 E HIT p _o551:0 c 8 s 2 
22.047196 i 1 E SND c 8 p _o551:0 z 10240 
22.078339 i 3 C STA p _o551:0 s 2 l 20.193240739874874 
22.078339 i 3 C RCV p _o551:0 s 1 l 0.12004574879999197 z 10240 
22.099677 i 6 C STA p _o551:0 s 2 l 20.214579579874876 
22.099677 i 6 C RCV p _o551:0 s 1 l 0.12004574879999197 z 10240 
22.139983 i 6 C GET p _o551:0 s 1 z 43 
22.151984 i 1 E HIT p _o551:0 c 6 s 2 
22.151984 i 1 E SND c 6 p _o551:0 z 10240 
22.155241 i 8 C STA p _o551:0 s 2 l 20.270142869874874 
22.155241 i 8 C RCV p _o551:0 s 1 l 0.12004574879999197 z 10240 
22.166069 i 10 C GET p _o551:0 s 1 z 43 
22.178071 i 1 E HIT p _o551:0 c 10 s 2 
22.178071 i 1 E SND c 10 p _o551:0 z 10240 
22.188074 i 6 C STA p _o551:0 s 2 l 20.302976291074899 
22.188074 i 6 C RCV p _o551:0 s 1 l 0.0480915600000138 z 10240 
22.203642 i 9 C GET p _o551:0 s 1 z 43 
22.215643 i 1 E HIT p _o551:0 c 9 s 2 
22.215643 i 1 E SND c 9 p _o551:0 z 10240 
22.286115 i 10 C STA p _o551:0 s 2 l 20.401017469874873 
22.286115 i 10 C RCV p _o551:0 s 1 l 0.12004574879999197 z 10240 
22.323688 i 9 C STA p _o551:0 s 2 l 20.43858997987487 
22.323688 i 9 C RCV p _o551:0 s 1 l 0.12004574879999197 z 10240 
22.338401 i 3 C GET p _o551:0 s 1 z 43 
22.350402 i 1 E HIT p _o551:0 c 3 s 2 
22.350402 i 1 E SND c 3 p _o551:0 z 10240 
22.38253 i 4 C GET p _o551:0 s 1 z 43 
22.394531 i 1 E HIT p _o551:0 c 4 s 2 
22.394531 i 1 E SND c 4 p _o551:0 z 10240 
22.458446 i 3 C STA p _o551:0 s 2 l 20.573348639874872 
22.458446 i 3 C RCV p _o551:0 s 1 l 0.12004574879999197 z 10240 
22.502576 i 4 C STA p _o551:0 s 2 l 20.617477779874875 
22.502576 i 4 C RCV p _o551:0 s 1 l 0.12004574879999197 z 10240 
22.782883 i 11 C GET p _o551:0 s 1 z 43 
22.794884 i 1 E HIT p _o551:0 c 11 s 2 
22.794884 i 1 E SND c 11 p _o551:0 z 10240 
22.866434 i 8 C GET p _o551:0 s 1 z 43 
22.878435 i 1 E HIT p _o551:0 c 8 s 2 
22.878435 i 1 E SND c 8 p _o551:0 z 10240 
22.881497 i 3 C GET p _o551:0 s 1 z 43 
22.893499 i 1 E HIT p _o551:0 c 3 s 2 
22.893499 i 1 E SND c 3 p _o551:0 z 10240 
22.902928 i 11 C STA p _o551:0 s 2 l 21.017830509874877 
22.902928 i 11 C RCV p _o551:0 s 1 l 0.12004574879999197 z 10240 
22.986479 i 8 C STA p _o551:0 s 2 l 21.101381569874874 
22.986479 i 8 C RCV p _o551:0 s 1 l 0.12004574879999197 z 10240 
23.001543 i 3 C STA p _o551:0 s 2 l 21.116445339874872 
23.001543 i 3 C RCV p _o551:0 s 1 l 0.12004574879999197 z 10240 
23.113809 i 2 S MOD p _o551:0 m 23.113809246687637 n 32.971933367265457 
23.139249 i 4 C GET p _o551:0 s 1 z 43 
23.15125 i 1 E HIT p _o551:0 c 4 s 2 
23.15125 i 1 E SND c 4 p _o551:0 z 10240 
23.259294 i 4 C STA p _o551:0 s 2 l 21.374196679874874 
23.259294 i 4 C RCV p _o551:0 s 1 l 0.12004574879999197 z 10240 
23.332449 i 6 C GET p _o551:0 s 1 z 43 
23.339163 i 9 C GET p _o551:0 s 1 z 43 
23.34445 i 1 E HIT p _o551:0 c 6 s 2 
23.34445 i 1 E SND c 6 p _o551:0 z 10240 
23.351164 i 1 E HIT p _o551:0 c 9 s 2 
23.351164 i 1 E SND c 9 p _o551:0 z 10240 
23.452494 i 6 C STA p _o551:0 s 2 l 21.567396479874876 
23.452494 i 6 C RCV p _o551:0 s 1 l 0.12004574879999197 z 10240 
23.459209 i 9 C STA p _o551:0 s 2 l 21.57411097987487 
23.459209 i 9 C RCV p _o551:0 s 1 l 0.12004574879999197 z 10240 
23.594224 i 5 C GET p _o551:0 s 1 z 43 
23.606225 i 1 E HIT p _o551:0 c 5 s 2 
23.606225 i 1 E SND c 5 p _o551:0 z 10240 
23.627244 i 12 C GET p _o551:0 s 1 z 43 
23.639245 i 1 E HIT p _o551:0 c 12 s 2 
23.639245 i 1 E SND c 12 p _o551:0 z 10240 
23.71427 i 5 C STA p _o551:0 s 2 l 21.829172009874867 
23.71427 i 5 C RCV p _o551:0 s 1 l 0.12004574879999197 z 10240 
23.74729 i 12 C STA p _o551:0 s 2 l 21.862191919874878 
23.74729 i 12 C RCV p _o551:0 s 1 l 0.12004574879999197 z 10240 
23.85464 i 8 C GET p _o551:0 s 1 z 43 
23.866641 i 1 E HIT p _o551:0 c 8 s 2 
23.866641 i 1 E SND c 8 p _o551:0 z 10240 
23.882182 i 4 C GET p _o551:0 s 1 z 43 
23.894183 i 1 E HIT p _o551:0 c 4 s 2 
23.894183 i 1 E SND c 4 p _o551:0 z 10240 
23.974685 i 8 C STA p _o551:0 s 2 l 22.089587569874876 
23.974685 i 8 C RCV p _o551:0 s 1 l 0.12004574879999197 z 10240 
24.002228 i 4 C STA p _o551:0 s 2 l 22.117129879874874 
24.002228 i 4 C RCV p _o551:0 s 1 l 0.12004574879999197 z 10240 
24.056654 i 6 C GET p _o551:0 s 1 z 43 
24.068655 i 1 E HIT p _o551:0 c 6 s 2 
24.068655 i 1 E SND c 6 p _o551:0 z 10240 
24.138634 i 11 C GET p _o551:0 s 1 z 43 
24.150635 i 1 E HIT p _o551:0 c 11 s 2 
24.150635 i 1 E SND c 11 p _o551:0 z 10240 
24.176699 i 6 C STA p _o551:0 s 2 l 22.291601479874878 
24.176699 i 6 C RCV p _o551:0 s 1 l 0.12004574879999197 z 10240 
24.213371 i 7 C GET p _o551:0 s 1 z 43 
24.213823 i 10 C GET p _o551:0 s 1 z 43 
24.225372 i 1 E HIT p _o551:0 c 7 s 2 
24.225372 i 1 E SND c 7 p _o551:0 z 10240 
24.225825 i 1 E HIT p _o551:0 c 10 s 2 
24.225825 i 1 E SND c 10 p _o551:0 z 10240 
24.258679 i 11 C STA p _o551:0 s 2 l 22.373581509874878 
24.258679 i 11 C RCV p _o551:0 s 1 l 0.12004574879999197 z 10240 
24.333416 i 7 C STA p _o551:0 s 2 l 22.448318689874874 
24.333416 i 7 C RCV p _o551:0 s 1 l 0.12004574879999197 z 10240 
24.333869 i 10 C STA p _o551:0 s 2 l 22.448771469874874 
24.333869 i 10 C RCV p _o551:0 s 1 l 0.12004574879999197 z 10240 
24.407485 i 8 C GET p _o551:0 s 1 z 43 
24.408676 i 5 C GET p _o551:0 s 1 z 43 
24.419487 i 1 E HIT p _o551:0 c 8 s 2 
24.419487 i 1 E SND c 8 p _o551:0 z 10240 
24.420677 i 1 E HIT p _o551:0 c 5 s 2 
24.420677 i 1 E SND c 5 p _o551:0 z 10240 
24.503281 i 10 C GET p _o551:0 s 1 z 43 
24.515282 i 1 E HIT p _o551:0 c 10 s 2 
24.515282 i 1 E SND c 10 p _o551:0 z 10240 
24.527531 i 8 C STA p _o551:0 s 2 l 22.642433269874875 
24.527531 i 8 C RCV p _o551:0 s 1 l 0.12004574879999197 z 10240 
24.528722 i 5 C STA p _o551:0 s 2 l 22.643624009874866 
24.528722 i 5 C RCV p _o551:0 s 1 l 0.12004574879999197 z 10240 
24.560498 i 7 C GET p _o551:0 s 1 z 43 
24.572499 i 1 E HIT p _o551:0 c 7 s 2 
24.572499 i 1 E SND c 7 p _o551:0 z 10240 
24.623327 i 10 C STA p _o551:0 s 2 l 22.738228969874875 
24.623327 i 10 C RCV p _o551:0 s 1 l 0.12004574879999197 z 10240 
24.680543 i 7 C STA p _o551:0 s 2 l 22.795445589874873 
24.680543 i 7 C RCV p _o551:0 s 1 l 0.12004574879999197 z 10240 
24.729968 i 10 C GET p _o551:0 s 1 z 43 
24.741969 i 1 E HIT p _o551:0 c 10 s 2 
24.741969 i 1 E SND c 10 p _o551:0 z 10240 
24.778059 i 10 C STA p _o551:0 s 2 l 22.892961381074898 
24.778059 i 10 C RCV p _o551:0 s 1 l 0.0480915600000138 z 10240 
25.031754 i 11 C GET p _o551:0 s 1 z 43 
25.043755 i 1 E HIT p _o551:0 c 11 s 2 
25.043755 i 1 E SND c 11 p _o551:0 z 10240 
25.055473 i 7 C GET p _o551:0 s 1 z 43 
25.067474 i 1 E HIT p _o551:0 c 7 s 2 
25.067474 i 1 E SND c 7 p _o551:0 z 10240 
25.1518 i 11 C STA p _o551:0 s 2 l 23.266702009874876 
25.1518 i 11 C RCV p _o551:0 s 1 l 0.12004574879999197 z 10240 
25.175519 i 7 C STA p _o551:0 s 2 l 23.290420889874873 
25.175519 i 7 C RCV p _o551:0 s 1 l 0.12004574879999197 z 10240 
25.203106 i 3 C GET p _o551:0 s 1 z 43 
25.215108 i 1 E HIT p _o551:0 c 3 s 2 
25.215108 i 1 E SND c 3 p _o551:0 z 10240 
25.261727 i 7 C GET p _o551:0 s 1 z 43 
25.273729 i 1 E HIT p _o551:0 c 7 s 2 
25.273729 i 1 E SND c 7 p _o551:0 z 10240 
25.323152 i 3 C STA p _o551:0 s 2 l 23.438054339874871 
25.323152 i 3 C RCV p _o551:0 s 1 l 0.12004574879999197 z 10240 
25.329057 i 6 C GET p _o551:0 s 1 z 43 
25.341058 i 1 E HIT p _o551:0 c 6 s 2 
25.341058 i 1 E SND c 6 p _o551:0 z 10240 
25.346057 i 3 C GET p _o551:0 s 1 z 43 
25.358059 i 1 E HIT p _o551:0 c 3 s 2 
25.358059 i 1 E SND c 3 p _o551:0 z 10240 
25.381773 i 7 C STA p _o551:0 s 2 l 23.496675189874875 
25.381773 i 7 C RCV p _o551:0 s 1 l 0.12004574879999197 z 10240 
25.394149 i 3 C STA p _o551:0 s 2 l 23.509050851074893 
25.394149 i 3 C RCV p _o551:0 s 1 l 0.0480915600000138 z 10240 
25.426277 i 10 C GET p _o551:0 s 1 z 43 
25.438191 i 5 C GET p _o551:0 s 1 z 43 
25.438279 i 1 E HIT p _o551:0 c 10 s 2 
25.438279 i 1 E SND c 10 p _o551:0 z 10240 
25.449103 i 6 C STA p _o551:0 s 2 l 23.564004979874877 
25.449103 i 6 C RCV p _o551:0 s 1 l 0.12004574879999197 z 10240 
25.450192 i 1 E HIT p _o551:0 c 5 s 2 
25.450192 i 1 E SND c 5 p _o551:0 z 10240 
25.546323 i 10 C STA p _o551:0 s 2 l 23.661225369874877 
25.546323 i 10 C RCV p _o551:0 s 1 l 0.12004574879999197 z 10240 
25.558236 i 5 C STA p _o551:0 s 2 l 23.673138669874863 
25.558236 i 5 C RCV p _o551:0 s 1 l 0.12004574879999197 z 10240 
25.779961 i 5 C GET p _o551:0 s 1 z 43 
25.791963 i 1 E HIT p _o551:0 c 5 s 2 
25.791963 i 1 E SND c 5 p _o551:0 z 10240 
25.900007 i 5 C STA p _o551:0 s 2 l 24.014909469874862 
25.900007 i 5 C RCV p _o551:0 s 1 l 0.12004574879999197 z 10240 
25.90965 i 9 C GET p _o551:0 s 1 z 43 
25.921651 i 1 E HIT p _o551:0 c 9 s 2 
25.921651 i 1 E SND c 9 p _o551:0 z 10240 
25.986641 i 10 C GET p _o551:0 s 1 z 43 
25.998643 i 1 E HIT p _o551:0 c 10 s 2 
25.998643 i 1 E SND c 10 p _o551:0 z 10240 
25.99907 i 8 C GET p _o551:0 s 1 z 43 
26.011072 i 1 E HIT p _o551:0 c 8 s 2 
26.011072 i 1 E SND c 8 p _o551:0 z 10240 
26.029696 i 9 C STA p _o551:0 s 2 l 24.14459797987487 
26.029696 i 9 C RCV p _o551:0 s 1 l 0.12004574879999197 z 10240 
26.037144 i 7 C GET p _o551:0 s 1 z 43 
26.049145 i 1 E HIT p _o551:0 c 7 s 2 
26.049145 i 1 E SND c 7 p _o551:0 z 10240 
26.106687 i 10 C STA p _o551:0 s 2 l 24.221589469874878 
26.106687 i 10 C RCV p _o551:0 s 1 l 0.12004574879999197 z 10240 
26.119116 i 8 C STA p _o551:0 s 2 l 24.234018269874873 
26.119116 i 8 C RCV p _o551:0 s 1 l 0.12004574879999197 z 10240 
26.157189 i 7 C STA p _o551:0 s 2 l 24.272091689874873 
26.157189 i 7 C RCV p _o551:0 s 1 l 0.12004574879999197 z 10240 
26.205517 i 10 C GET p _o551:0 s 1 z 43 
26.217519 i 1 E HIT p _o551:0 c 10 s 2 
26.217519 i 1 E SND c 10 p _o551:0 z 10240 
26.235826 i 7 C GET p _o551:0 s 1 z 43 
26.247827 i 1 E HIT p _o551:0 c 7 s 2 
26.247827 i 1 E SND c 7 p _o551:0 z 10240 
26.253609 i 10 C STA p _o551:0 s 2 l 24.368510981074902 
26.253609 i 10 C RCV p _o551:0 s 1 l 0.0480915600000138 z 10240 
26.283917 i 7 C STA p _o551:0 s 2 l 24.398819301074894 
26.283917 i 7 C RCV p _o551:0 s 1 l 0.0480915600000138 z 10240 
26.428733 i 9 C GET p _o551:0 s 1 z 43 
26.440734 i 1 E HIT p _o551:0 c 9 s 2 
26.440734 i 1 E SND c 9 p _o551:0 z 10240 
26.467097 i 4 C GET p _o551:0 s 1 z 43 
26.479098 i 1 E HIT p _o551:0 c 4 s 2 
26.479098 i 1 E SND c 4 p _o551:0 z 10240 
26.548779 i 9 C STA p _o551:0 s 2 l 24.66368077987487 
26.548779 i 9 C RCV p _o551:0 s 1 l 0.12004574879999197 z 10240 
26.575814 i 10 C GET p _o551:0 s 1 z 43 
26.587143 i 4 C STA p _o551:0 s 2 l 24.702044879874872 
26.587143 i 4 C RCV p _o551:0 s 1 l 0.12004574879999197 z 10240 
26.587816 i 1 E HIT p _o551:0 c 10 s 2 
26.587816 i 1 E SND c 10 p _o551:0 z 10240 
26.608988 i 8 C GET p _o551:0 s 1 z 43 
26.62099 i 1 E HIT p _o551:0 c 8 s 2 
26.62099 i 1 E SND c 8 p _o551:0 z 10240 
26.675355 i 12 C GET p _o551:0 s 1 z 43 
26.687356 i 1 E HIT p _o551:0 c 12 s 2 
26.687356 i 1 E SND c 12 p _o551:0 z 10240 
26.69586 i 10 C STA p _o551:0 s 2 l 24.810762269874878 
26.69586 i 10 C RCV p _o551:0 s 1 l 0.12004574879999197 z 10240 
26.729034 i 8 C STA p _o551:0 s 2 l 24.843936369874875 
26.729034 i 8 C RCV p _o551:0 s 1 l 0.12004574879999197 z 10240 
26.795401 i 12 C STA p _o551:0 s 2 l 24.910302919874876 
26.795401 i 12 C RCV p _o551:0 s 1 l 0.12004574879999197 z 10240 
26.845415 i 9 C GET p _o551:0 s 1 z 43 
26.857417 i 1 E HIT p _o551:0 c 9 s 2 
26.857417 i 1 E SND c 9 p _o551:0 z 10240 
26.922602 i 7 C GET p _o551:0 s 1 z 43 
26.934603 i 1 E HIT p _o551:0 c 7 s 2 
26.934603 i 1 E SND c 7 p _o551:0 z 10240 
26.965461 i 9 C STA p _o551:0 s 2 l 25.080363379874871 
26.965461 i 9 C RCV p _o551:0 s 1 l 0.12004574879999197 z 10240 
27.042647 i 7 C STA p _o551:0 s 2 l 25.157549489874874 
27.042647 i 7 C RCV p _o551:0 s 1 l 0.12004574879999197 z 10240 
27.049123 i 5 C GET p _o551:0 s 1 z 43 
27.055852 i 11 C GET p _o551:0 s 1 z 43 
27.061125 i 1 E HIT p _o551:0 c 5 s 2 
27.061125 i 1 E SND c 5 p _o551:0 z 10240 
27.067853 i 1 E HIT p _o551:0 c 11 s 2 
27.067853 i 1 E SND c 11 p _o551:0 z 10240 
27.087548 i 4 C GET p _o551:0 s 1 z 43 
27.099558 i 1 E HIT p _o551:0 c 4 s 2 
27.099558 i 1 E SND c 4 p _o551:0 z 10240 
27.169169 i 5 C STA p _o551:0 s 2 l 25.284071469874863 
27.169169 i 5 C RCV p _o551:0 s 1 l 0.12004574879999197 z 10240 
27.175898 i 11 C STA p _o551:0 s 2 l 25.290800009874875 
27.175898 i 11 C RCV p _o551:0 s 1 l 0.12004574879999197 z 10240 
27.207602 i 4 C STA p _o551:0 s 2 l 25.322504019481407 
27.207602 i 4 C RCV p _o551:0 s 1 l 0.12005388840652742 z 10240 
27.233172 i 11 C GET p _o551:0 s 1 z 43 
27.245173 i 1 E HIT p _o551:0 c 11 s 2 
27.245173 i 1 E SND c 11 p _o551:0 z 10240 
27.281264 i 11 C STA p _o551:0 s 2 l 25.396165821074899 
27.281264 i 11 C RCV p _o551:0 s 1 l 0.0480915600000138 z 10240 
27.283421 i 4 C GET p _o551:0 s 1 z 43 
27.295422 i 1 E HIT p _o551:0 c 4 s 2 
27.295422 i 1 E SND c 4 p _o551:0 z 10240 
27.331512 i 4 C STA p _o551:0 s 2 l 25.446414291074895 
27.331512 i 4 C RCV p _o551:0 s 1 l 0.0480915600000138 z 10240 
27.461459 i 5 C GET p _o551:0 s 1 z 43 
27.473461 i 1 E HIT p _o551:0 c 5 s 2 
27.473461 i 1 E SND c 5 p _o551:0 z 10240 
27.581505 i 5 C STA p _o551:0 s 2 l 25.696407069874862 
27.581505 i 5 C RCV p _o551:0 s 1 l 0.12004574879999197 z 10240 
27.789048 i 6 C GET p _o551:0 s 1 z 43 
27.801049 i 1 E HIT p _o551:0 c 6 s 2 
27.801049 i 1 E SND c 6 p _o551:0 z 10240 
27.838224 i 11 C GET p _o551:0 s 1 z 43 
27.850225 i 1 E HIT p _o551:0 c 11 s 2 
27.850225 i 1 E SND c 11 p _o551:0 z 10240 
27.892068 i 8 C GET p _o551:0 s 1 z 43 
27.90407 i 1 E HIT p _o551:0 c 8 s 2 
27.90407 i 1 E SND c 8 p _o551:0 z 10240 
27.909094 i 6 C STA p _o551:0 s 2 l 26.023995979874876 
27.909094 i 6 C RCV p _o551:0 s 1 l 0.12004574879999197 z 10240 
27.95827 i 11 C STA p _o551:0 s 2 l 26.073171809874879 
27.95827 i 11 C RCV p _o551:0 s 1 l 0.12004574879999197 z 10240 
28.012114 i 8 C STA p _o551:0 s 2 l 26.127016369874873 
28.012114 i 8 C RCV p _o551:0 s 1 l 0.12004574879999197 z 10240 
28.104201 i 3 C GET p _o551:0 s 1 z 43 
28.116203 i 1 E HIT p _o551:0 c 3 s 2 
28.116203 i 1 E SND c 3 p _o551:0 z 10240 
28.14306 i 9 C GET p _o551:0 s 1 z 43 
28.155062 i 1 E HIT p _o551:0 c 9 s 2 
28.155062 i 1 E SND c 9 p _o551:0 z 10240 
28.224247 i 3 C STA p _o551:0 s 2 l 26.339149039874872 
28.224247 i 3 C RCV p _o551:0 s 1 l 0.12004574879999197 z 10240 
28.226289 i 5 C GET p _o551:0 s 1 z 43 
28.23829 i 1 E HIT p _o551:0 c 5 s 2 
28.23829 i 1 E SND c 5 p _o551:0 z 10240 
28.263106 i 9 C STA p _o551:0 s 2 l 26.378008379874871 
28.263106 i 9 C RCV p _o551:0 s 1 l 0.12004574879999197 z 10240 
28.346335 i 5 C STA p _o551:0 s 2 l 26.461236769874862 
28.346335 i 5 C RCV p _o551:0 s 1 l 0.12004574879999197 z 10240 
28.441972 i 10 C GET p _o551:0 s 1 z 43 
28.453974 i 1 E HIT p _o551:0 c 10 s 2 
28.453974 i 1 E SND c 10 p _o551:0 z 10240 
28.557832 i 12 C GET p _o551:0 s 1 z 43 
28.562018 i 10 C STA p _o551:0 s 2 l 26.676920269874877 
28.562018 i 10 C RCV p _o551:0 s 1 l 0.12004574879999197 z 10240 
28.569833 i 1 E HIT p _o551:0 c 12 s 2 
28.569833 i 1 E SND c 12 p _o551:0 z 10240 
28.677878 i 12 C STA p _o551:0 s 2 l 26.792779919874878 
28.677878 i 12 C RCV p _o551:0 s 1 l 0.12004574879999197 z 10240 
28.701126 i 11 C GET p _o551:0 s 1 z 43 
28.713127 i 1 E HIT p _o551:0 c 11 s 2 
28.713127 i 1 E SND c 11 p _o551:0 z 10240 
28.812596 i 10 C GET p _o551:0 s 1 z 43 
28.821171 i 11 C STA p _o551:0 s 2 l 26.936073509874877 
28.821171 i 11 C RCV p _o551:0 s 1 l 0.12004574879999197 z 10240 
28.824597 i 1 E HIT p _o551:0 c 10 s 2 
28.824597 i 1 E SND c 10 p _o551:0 z 10240 
28.932641 i 10 C STA p _o551:0 s 2 l 27.047543569874875 
28.932641 i 10 C RCV p _o551:0 s 1 l 0.12004574879999197 z 10240 
28.965038 i 7 C GET p _o551:0 s 1 z 43 
28.977039 i 1 E HIT p _o551:0 c 7 s 2 
28.977039 i 1 E SND c 7 p _o551:0 z 10240 
29.030022 i 11 C GET p _o551:0 s 1 z 43 
29.042024 i 1 E HIT p _o551:0 c 11 s 2 
29.042024 i 1 E SND c 11 p _o551:0 z 10240 
29.077563 i 12 C GET p _o551:0 s 1 z 43 
29.085083 i 7 C STA p _o551:0 s 2 l 27.199985489874873 
29.085083 i 7 C RCV p _o551:0 s 1 l 0.12004574879999197 z 10240 
29.089564 i 1 E HIT p _o551:0 c 12 s 2 
29.089564 i 1 E SND c 12 p _o551:0 z 10240 
29.150068 i 11 C STA p _o551:0 s 2 l 27.264970209874878 
29.150068 i 11 C RCV p _o551:0 s 1 l 0.12004574879999197 z 10240 
29.152911 i 6 C GET p _o551:0 s 1 z 43 
29.164912 i 1 E HIT p _o551:0 c 6 s 2 
29.164912 i 1 E SND c 6 p _o551:0 z 10240 
29.17516 i 9 C GET p _o551:0 s 1 z 43 
29.187162 i 1 E HIT p _o551:0 c 9 s 2 
29.187162 i 1 E SND c 9 p _o551:0 z 10240 
29.197608 i 12 C STA p _o551:0 s 2 l 27.312510619874878 
29.197608 i 12 C RCV p _o551:0 s 1 l 0.12004574879999197 z 10240 
29.206623 i 8 C GET p _o551:0 s 1 z 43 
29.218625 i 1 E HIT p _o551:0 c 8 s 2 
29.218625 i 1 E SND c 8 p _o551:0 z 10240 
29.272957 i 6 C STA p _o551:0 s 2 l 27.387858979874874 
29.272957 i 6 C RCV p _o551:0 s 1 l 0.12004574879999197 z 10240 
29.295206 i 9 C STA p _o551:0 s 2 l 27.410108359874872 
29.295206 i 9 C RCV p _o551:0 s 1 l 0.12004574879999197 z 10240 
29.326669 i 8 C STA p _o551:0 s 2 l 27.441571369874872 
29.326669 i 8 C RCV p _o551:0 s 1 l 0.12004574879999197 z 10240 
29.366608 i 4 C GET p _o551:0 s 1 z 43 
29.37861 i 1 E HIT p _o551:0 c 4 s 2 
29.37861 i 1 E SND c 4 p _o551:0 z 10240 
29.486654 i 4 C STA p _o551:0 s 2 l 27.601556479874873 
29.486654 i 4 C RCV p _o551:0 s 1 l 0.12004574879999197 z 10240 
29.632395 i 12 C GET p _o551:0 s 1 z 43 
29.644396 i 1 E HIT p _o551:0 c 12 s 2 
29.644396 i 1 E SND c 12 p _o551:0 z 10240 
29.657984 i 4 C GET p _o551:0 s 1 z 43 
29.669985 i 1 E HIT p _o551:0 c 4 s 2 
29.669985 i 1 E SND c 4 p _o551:0 z 10240 
29.752441 i 12 C STA p _o551:0 s 2 l 27.867342819874878 
29.752441 i 12 C RCV p _o551:0 s 1 l 0.12004574879999197 z 10240 
29.778029 i 4 C STA p _o551:0 s 2 l 27.892931579874872 
29.778029 i 4 C RCV p _o551:0 s 1 l 0.12004574879999197 z 10240 
29.809356 i 5 C GET p _o551:0 s 1 z 43 
29.821357 i 1 E HIT p _o551:0 c 5 s 2 
29.821357 i 1 E SND c 5 p _o551:0 z 10240 
29.83649 i 12 C GET p _o551:0 s 1 z 43 
29.848492 i 1 E HIT p _o551:0 c 12 s 2 
29.848492 i 1 E SND c 12 p _o551:0 z 10240 
29.929402 i 5 C STA p _o551:0 s 2 l 28.044303769874862 
29.929402 i 5 C RCV p _o551:0 s 1 l 0.12004574879999197 z 10240 
29.956536 i 12 C STA p _o551:0 s 2 l 28.071438419874877 
29.956536 i 12 C RCV p _o551:0 s 1 l 0.12004574879999197 z 10240 
29.970582 i 12 C GET p _o551:0 s 1 z 43 
29.982583 i 1 E HIT p _o551:0 c 12 s 2 
29.982583 i 1 E SND c 12 p _o551:0 z 10240 
29.985461 i 9 C GET p _o551:0 s 1 z 43 
29.997462 i 1 E HIT p _o551:0 c 9 s 2 
29.997462 i 1 E SND c 9 p _o551:0 z 10240 
